<?xml version="1.0" encoding="UTF-8"?>
<!-- Generated by org.testng.reporters.JUnitReportReporter -->
<testsuite skipped="0" hostname="01HW446289" name="org.seleniumhq.selenium.org.ultimatix.DropdownsWithoutSelect" tests="1" failures="0" timestamp="30 May 2019 09:35:24 GMT" time="16.510" errors="0">
  <testcase name="f" time="16.510" classname="org.seleniumhq.selenium.org.ultimatix.DropdownsWithoutSelect"/>
</testsuite> <!-- org.seleniumhq.selenium.org.ultimatix.DropdownsWithoutSelect -->
