<?xml version="1.0" encoding="UTF-8"?>
<!-- Generated by org.testng.reporters.JUnitReportReporter -->
<testsuite skipped="0" hostname="01HW446289" name="org.seleniumhq.selenium.org.ultimatix.Popup" tests="1" failures="0" timestamp="28 May 2019 05:09:41 GMT" time="17.186" errors="0">
  <testcase name="Handle_Pop_Ups" time="17.186" classname="org.seleniumhq.selenium.org.ultimatix.Popup"/>
</testsuite> <!-- org.seleniumhq.selenium.org.ultimatix.Popup -->
