<?xml version="1.0" encoding="UTF-8"?>
<!-- Generated by org.testng.reporters.JUnitReportReporter -->
<testsuite skipped="0" hostname="01HW446289" name="org.seleniumhq.selenium.org.ultimatix.Drag_Drop" tests="1" failures="0" timestamp="21 May 2019 12:11:09 GMT" time="19.589" errors="0">
  <testcase name="DragDrop" time="19.589" classname="org.seleniumhq.selenium.org.ultimatix.Drag_Drop"/>
</testsuite> <!-- org.seleniumhq.selenium.org.ultimatix.Drag_Drop -->
