<?xml version="1.0" encoding="UTF-8"?>
<!-- Generated by org.testng.reporters.JUnitReportReporter -->
<testsuite skipped="0" hostname="01HW446289" name="org.seleniumhq.selenium.org.ultimatix.Drop_Downs" tests="1" failures="0" timestamp="27 May 2019 11:49:13 GMT" time="17.938" errors="0">
  <testcase name="Handle_Dropdown" time="17.938" classname="org.seleniumhq.selenium.org.ultimatix.Drop_Downs"/>
</testsuite> <!-- org.seleniumhq.selenium.org.ultimatix.Drop_Downs -->
