<?xml version="1.0" encoding="UTF-8"?>
<!-- Generated by org.testng.reporters.JUnitReportReporter -->
<testsuite skipped="0" hostname="01HW446289" name="org.seleniumhq.selenium.org.ultimatix.KeyEntries" tests="1" failures="0" timestamp="21 May 2019 06:35:47 GMT" time="27.872" errors="0">
  <testcase name="Keyboard_keys" time="27.872" classname="org.seleniumhq.selenium.org.ultimatix.KeyEntries"/>
</testsuite> <!-- org.seleniumhq.selenium.org.ultimatix.KeyEntries -->
