<?xml version="1.0" encoding="UTF-8"?>
<!-- Generated by org.testng.reporters.JUnitReportReporter -->
<testsuite skipped="0" hostname="01HW446289" name="org.seleniumhq.selenium.org.ultimatix.Mouse_Over" tests="1" failures="0" timestamp="21 May 2019 10:53:25 GMT" time="31.433" errors="0">
  <testcase name="MoveMouse" time="31.433" classname="org.seleniumhq.selenium.org.ultimatix.Mouse_Over"/>
</testsuite> <!-- org.seleniumhq.selenium.org.ultimatix.Mouse_Over -->
