<?xml version="1.0" encoding="UTF-8"?>
<!-- Generated by org.testng.reporters.JUnitReportReporter -->
<testsuite skipped="0" hostname="01HW446289" name="org.seleniumhq.selenium.org.ultimatix.Scrolling" tests="1" failures="0" timestamp="28 May 2019 05:13:03 GMT" time="32.486" errors="0">
  <testcase name="MoveMouse" time="32.486" classname="org.seleniumhq.selenium.org.ultimatix.Scrolling"/>
</testsuite> <!-- org.seleniumhq.selenium.org.ultimatix.Scrolling -->
