<?xml version="1.0" encoding="UTF-8"?>
<!-- Generated by org.testng.reporters.JUnitReportReporter -->
<testsuite skipped="0" hostname="01HW446289" name="org.seleniumhq.selenium.org.ultimatix.Popup_Handling" tests="2" failures="0" timestamp="28 May 2019 10:28:43 GMT" time="41.960" errors="0">
  <testcase name="ChildWindow" time="25.072" classname="org.seleniumhq.selenium.org.ultimatix.Popup_Handling"/>
  <testcase name="ChildWindow2" time="16.888" classname="org.seleniumhq.selenium.org.ultimatix.Popup_Handling"/>
</testsuite> <!-- org.seleniumhq.selenium.org.ultimatix.Popup_Handling -->
