<?xml version="1.0" encoding="UTF-8"?>
<!-- Generated by org.testng.reporters.JUnitReportReporter -->
<testsuite skipped="0" hostname="01HW446289" name="org.seleniumhq.selenium.org.ultimatix.KeyEntries" tests="1" failures="0" timestamp="28 May 2019 10:30:02 GMT" time="30.134" errors="0">
  <testcase name="Keyboard_keys" time="30.134" classname="org.seleniumhq.selenium.org.ultimatix.KeyEntries"/>
</testsuite> <!-- org.seleniumhq.selenium.org.ultimatix.KeyEntries -->
