<?xml version="1.0" encoding="UTF-8"?>
<!-- Generated by org.testng.reporters.JUnitReportReporter -->
<testsuite skipped="0" hostname="01HW446289" name="org.seleniumhq.selenium.org.ultimatix.Drag_and_Drop$Drag_Drop" tests="1" failures="0" timestamp="27 May 2019 10:57:14 GMT" time="17.911" errors="0">
  <testcase name="DragDrop" time="17.911" classname="org.seleniumhq.selenium.org.ultimatix.Drag_and_Drop$Drag_Drop"/>
</testsuite> <!-- org.seleniumhq.selenium.org.ultimatix.Drag_and_Drop$Drag_Drop -->
